{"total": {"lines":{"total":852,"covered":811,"skipped":0,"pct":95.18},"statements":{"total":852,"covered":811,"skipped":0,"pct":95.18},"functions":{"total":41,"covered":41,"skipped":0,"pct":100},"branches":{"total":117,"covered":102,"skipped":0,"pct":87.17},"branchesTrue":{"total":0,"covered":0,"skipped":0,"pct":"Unknown"}}
,"/home/runner/work/promptis/promptis/src/api.ts": {"lines":{"total":98,"covered":72,"skipped":0,"pct":73.46},"functions":{"total":3,"covered":3,"skipped":0,"pct":100},"statements":{"total":98,"covered":72,"skipped":0,"pct":73.46},"branches":{"total":14,"covered":6,"skipped":0,"pct":42.85}}
,"/home/runner/work/promptis/promptis/src/chatHandler.ts": {"lines":{"total":281,"covered":277,"skipped":0,"pct":98.57},"functions":{"total":8,"covered":8,"skipped":0,"pct":100},"statements":{"total":281,"covered":277,"skipped":0,"pct":98.57},"branches":{"total":40,"covered":37,"skipped":0,"pct":92.5}}
,"/home/runner/work/promptis/promptis/src/chatutil.ts": {"lines":{"total":79,"covered":79,"skipped":0,"pct":100},"functions":{"total":10,"covered":10,"skipped":0,"pct":100},"statements":{"total":79,"covered":79,"skipped":0,"pct":100},"branches":{"total":11,"covered":11,"skipped":0,"pct":100}}
,"/home/runner/work/promptis/promptis/src/config.ts": {"lines":{"total":100,"covered":91,"skipped":0,"pct":91},"functions":{"total":10,"covered":10,"skipped":0,"pct":100},"statements":{"total":100,"covered":91,"skipped":0,"pct":91},"branches":{"total":14,"covered":11,"skipped":0,"pct":78.57}}
,"/home/runner/work/promptis/promptis/src/extension.ts": {"lines":{"total":54,"covered":52,"skipped":0,"pct":96.29},"functions":{"total":3,"covered":3,"skipped":0,"pct":100},"statements":{"total":54,"covered":52,"skipped":0,"pct":96.29},"branches":{"total":6,"covered":5,"skipped":0,"pct":83.33}}
,"/home/runner/work/promptis/promptis/src/util.ts": {"lines":{"total":240,"covered":240,"skipped":0,"pct":100},"functions":{"total":7,"covered":7,"skipped":0,"pct":100},"statements":{"total":240,"covered":240,"skipped":0,"pct":100},"branches":{"total":32,"covered":32,"skipped":0,"pct":100}}
}
