{"total": {"lines":{"total":1333,"covered":1149,"skipped":0,"pct":86.19},"statements":{"total":1333,"covered":1149,"skipped":0,"pct":86.19},"functions":{"total":57,"covered":41,"skipped":0,"pct":71.92},"branches":{"total":99,"covered":87,"skipped":0,"pct":87.87},"branchesTrue":{"total":0,"covered":0,"skipped":0,"pct":100}}
,"/home/runner/work/promptis/promptis/src/api.ts": {"lines":{"total":93,"covered":71,"skipped":0,"pct":76.34},"functions":{"total":3,"covered":3,"skipped":0,"pct":100},"statements":{"total":93,"covered":71,"skipped":0,"pct":76.34},"branches":{"total":12,"covered":6,"skipped":0,"pct":50}}
,"/home/runner/work/promptis/promptis/src/chatHandler.ts": {"lines":{"total":282,"covered":280,"skipped":0,"pct":99.29},"functions":{"total":8,"covered":8,"skipped":0,"pct":100},"statements":{"total":282,"covered":280,"skipped":0,"pct":99.29},"branches":{"total":40,"covered":39,"skipped":0,"pct":97.5}}
,"/home/runner/work/promptis/promptis/src/chatutil.ts": {"lines":{"total":79,"covered":79,"skipped":0,"pct":100},"functions":{"total":10,"covered":10,"skipped":0,"pct":100},"statements":{"total":79,"covered":79,"skipped":0,"pct":100},"branches":{"total":11,"covered":11,"skipped":0,"pct":100}}
,"/home/runner/work/promptis/promptis/src/config.ts": {"lines":{"total":100,"covered":91,"skipped":0,"pct":91},"functions":{"total":10,"covered":10,"skipped":0,"pct":100},"statements":{"total":100,"covered":91,"skipped":0,"pct":91},"branches":{"total":14,"covered":11,"skipped":0,"pct":78.57}}
,"/home/runner/work/promptis/promptis/src/extension.ts": {"lines":{"total":54,"covered":52,"skipped":0,"pct":96.29},"functions":{"total":3,"covered":3,"skipped":0,"pct":100},"statements":{"total":54,"covered":52,"skipped":0,"pct":96.29},"branches":{"total":6,"covered":5,"skipped":0,"pct":83.33}}
,"/home/runner/work/promptis/promptis/src/util.ts": {"lines":{"total":81,"covered":81,"skipped":0,"pct":100},"functions":{"total":3,"covered":3,"skipped":0,"pct":100},"statements":{"total":81,"covered":81,"skipped":0,"pct":100},"branches":{"total":11,"covered":11,"skipped":0,"pct":100}}
,"/home/runner/work/promptis/promptis/src/openapi/api.ts": {"lines":{"total":281,"covered":209,"skipped":0,"pct":74.37},"functions":{"total":4,"covered":0,"skipped":0,"pct":0},"statements":{"total":281,"covered":209,"skipped":0,"pct":74.37},"branches":{"total":0,"covered":0,"skipped":0,"pct":100}}
,"/home/runner/work/promptis/promptis/src/openapi/base.ts": {"lines":{"total":86,"covered":81,"skipped":0,"pct":94.18},"functions":{"total":3,"covered":2,"skipped":0,"pct":66.66},"statements":{"total":86,"covered":81,"skipped":0,"pct":94.18},"branches":{"total":3,"covered":2,"skipped":0,"pct":66.66}}
,"/home/runner/work/promptis/promptis/src/openapi/common.ts": {"lines":{"total":150,"covered":81,"skipped":0,"pct":54},"functions":{"total":10,"covered":0,"skipped":0,"pct":0},"statements":{"total":150,"covered":81,"skipped":0,"pct":54},"branches":{"total":0,"covered":0,"skipped":0,"pct":100}}
,"/home/runner/work/promptis/promptis/src/openapi/configuration.ts": {"lines":{"total":110,"covered":107,"skipped":0,"pct":97.27},"functions":{"total":3,"covered":2,"skipped":0,"pct":66.66},"statements":{"total":110,"covered":107,"skipped":0,"pct":97.27},"branches":{"total":2,"covered":2,"skipped":0,"pct":100}}
,"/home/runner/work/promptis/promptis/src/openapi/index.ts": {"lines":{"total":17,"covered":17,"skipped":0,"pct":100},"functions":{"total":0,"covered":0,"skipped":0,"pct":100},"statements":{"total":17,"covered":17,"skipped":0,"pct":100},"branches":{"total":0,"covered":0,"skipped":0,"pct":100}}
}
